ARM GAS  C:\Users\maksp\AppData\Local\Temp\ccyK02R2.s 			page 1


   1              		.cpu cortex-m4
   2              		.arch armv7e-m
   3              		.fpu fpv4-sp-d16
   4              		.eabi_attribute 27, 1
   5              		.eabi_attribute 28, 1
   6              		.eabi_attribute 20, 1
   7              		.eabi_attribute 21, 1
   8              		.eabi_attribute 23, 3
   9              		.eabi_attribute 24, 1
  10              		.eabi_attribute 25, 1
  11              		.eabi_attribute 26, 1
  12              		.eabi_attribute 30, 1
  13              		.eabi_attribute 34, 1
  14              		.eabi_attribute 18, 4
  15              		.file	"main.c"
  16              		.text
  17              	.Ltext0:
  18              		.cfi_sections	.debug_frame
  19              		.file 1 "Core/Src/main.c"
  20              		.section	.text.main,"ax",%progbits
  21              		.align	1
  22              		.global	main
  23              		.syntax unified
  24              		.thumb
  25              		.thumb_func
  27              	main:
  28              	.LFB0:
   1:Core/Src/main.c **** #include <stdint.h>
   2:Core/Src/main.c **** 
   3:Core/Src/main.c **** int main (void){
  29              		.loc 1 3 16 view -0
  30              		.cfi_startproc
  31              		@ Volatile: function does not return.
  32              		@ args = 0, pretend = 0, frame = 0
  33              		@ frame_needed = 0, uses_anonymous_args = 0
  34              		@ link register save eliminated.
   4:Core/Src/main.c **** *(uint32_t*)(0x40023800UL + 0x30UL) |= 0x02; //–≤–∫–ª—é—á–µ–Ω–∏–µ —Ç–∞–∫—Ç–∏—Ä–æ–≤–∞–Ω–∏—è GPIOB
  35              		.loc 1 4 1 view .LVU1
  36 0000 1B4A     		ldr	r2, .L6
  37 0002 D2F83038 		ldr	r3, [r2, #2096]
  38              		.loc 1 4 37 is_stmt 0 view .LVU2
  39 0006 43F00203 		orr	r3, r3, #2
  40 000a C2F83038 		str	r3, [r2, #2096]
   5:Core/Src/main.c **** *(uint32_t*)(0x40020400UL + 0x00UL) |= 0x4000; // 7–ø–∏–Ω –Ω–∞ –≤—ã–≤–æ–¥
  41              		.loc 1 5 1 is_stmt 1 view .LVU3
  42 000e 194B     		ldr	r3, .L6+4
  43 0010 D3F80024 		ldr	r2, [r3, #1024]
  44              		.loc 1 5 37 is_stmt 0 view .LVU4
  45 0014 42F48042 		orr	r2, r2, #16384
  46 0018 C3F80024 		str	r2, [r3, #1024]
   6:Core/Src/main.c **** *(uint32_t*)(0x40020400UL + 0x04UL) |= 0x00; // 7–ø–∏–Ω push-pull
  47              		.loc 1 6 1 is_stmt 1 view .LVU5
   7:Core/Src/main.c **** *(uint32_t*)(0x40020400UL + 0x08UL) |= 0x4000; // 7–ø–∏–Ω —Å—Ä–µ–¥–Ω—è—è —Å–∫–æ—Ä–æ—Å—Ç—å
  48              		.loc 1 7 1 view .LVU6
  49 001c D3F80824 		ldr	r2, [r3, #1032]
  50              		.loc 1 7 37 is_stmt 0 view .LVU7
  51 0020 42F48042 		orr	r2, r2, #16384
ARM GAS  C:\Users\maksp\AppData\Local\Temp\ccyK02R2.s 			page 2


  52 0024 C3F80824 		str	r2, [r3, #1032]
   8:Core/Src/main.c **** *(uint32_t*)(0x40020400UL + 0x00CUL) |= 0x00; // 7–ø–∏–Ω –æ—Ç–∫–ª—é—á–µ–Ω–∏–µ PU/PD —Ä–µ–∑–∏—Å—Ç–æ—
  53              		.loc 1 8 1 is_stmt 1 view .LVU8
   9:Core/Src/main.c **** *(uint32_t*)(0x40020400UL + 0x18UL) |= 0x800000; // 7–ø–∏–Ω - 1 (0DR)
  54              		.loc 1 9 1 view .LVU9
  55 0028 D3F81824 		ldr	r2, [r3, #1048]
  56              		.loc 1 9 37 is_stmt 0 view .LVU10
  57 002c 42F40002 		orr	r2, r2, #8388608
  58 0030 C3F81824 		str	r2, [r3, #1048]
  59 0034 0DE0     		b	.L4
  60              	.L5:
  10:Core/Src/main.c **** 
  11:Core/Src/main.c **** while(1){
  12:Core/Src/main.c ****     if(*(uint32_t*)(0x40020800UL + 0x10UL) & 0x1000 !=0)
  13:Core/Src/main.c ****     {
  14:Core/Src/main.c ****     
  15:Core/Src/main.c ****         *(uint32_t*)(0x40020400UL + 0x18UL) |= 0x80; // 7–ø–∏–Ω - 1 (0DR)
  61              		.loc 1 15 9 is_stmt 1 view .LVU11
  62 0036 0F4A     		ldr	r2, .L6+4
  63 0038 D2F81834 		ldr	r3, [r2, #1048]
  64              		.loc 1 15 45 is_stmt 0 view .LVU12
  65 003c 43F08003 		orr	r3, r3, #128
  66 0040 C2F81834 		str	r3, [r2, #1048]
  67              	.L3:
  16:Core/Src/main.c ****     }
  17:Core/Src/main.c ****     else
  18:Core/Src/main.c ****     {
  19:Core/Src/main.c ****         *(uint32_t*)(0x40020400UL + 0x18UL) |= 0x800000; // 7–ø–∏–Ω - 1 (0DR)
  20:Core/Src/main.c ****     }
  21:Core/Src/main.c **** *(uint32_t*)(0x40020400UL + 0x18UL) |= 0x80; // 7–ø–∏–Ω - 1 (0DR)
  68              		.loc 1 21 1 is_stmt 1 view .LVU13
  69 0044 0B4A     		ldr	r2, .L6+4
  70 0046 D2F81834 		ldr	r3, [r2, #1048]
  71              		.loc 1 21 37 is_stmt 0 view .LVU14
  72 004a 43F08003 		orr	r3, r3, #128
  73 004e C2F81834 		str	r3, [r2, #1048]
  11:Core/Src/main.c ****     if(*(uint32_t*)(0x40020800UL + 0x10UL) & 0x1000 !=0)
  74              		.loc 1 11 6 is_stmt 1 view .LVU15
  75              	.L4:
  11:Core/Src/main.c ****     if(*(uint32_t*)(0x40020800UL + 0x10UL) & 0x1000 !=0)
  76              		.loc 1 11 1 view .LVU16
  12:Core/Src/main.c ****     {
  77              		.loc 1 12 5 view .LVU17
  12:Core/Src/main.c ****     {
  78              		.loc 1 12 8 is_stmt 0 view .LVU18
  79 0052 084B     		ldr	r3, .L6+4
  80 0054 D3F81038 		ldr	r3, [r3, #2064]
  12:Core/Src/main.c ****     {
  81              		.loc 1 12 7 view .LVU19
  82 0058 13F0010F 		tst	r3, #1
  83 005c EBD1     		bne	.L5
  19:Core/Src/main.c ****     }
  84              		.loc 1 19 9 is_stmt 1 view .LVU20
  85 005e 054A     		ldr	r2, .L6+4
  86 0060 D2F81834 		ldr	r3, [r2, #1048]
  19:Core/Src/main.c ****     }
  87              		.loc 1 19 45 is_stmt 0 view .LVU21
ARM GAS  C:\Users\maksp\AppData\Local\Temp\ccyK02R2.s 			page 3


  88 0064 43F40003 		orr	r3, r3, #8388608
  89 0068 C2F81834 		str	r3, [r2, #1048]
  90 006c EAE7     		b	.L3
  91              	.L7:
  92 006e 00BF     		.align	2
  93              	.L6:
  94 0070 00300240 		.word	1073885184
  95 0074 00000240 		.word	1073872896
  96              		.cfi_endproc
  97              	.LFE0:
  99              		.text
 100              	.Letext0:
 101              		.file 2 "C:/Users/maksp/Desktop/Tool_s/xpack-arm-none-eabi-gcc-13.2.1-1.1-win32-x64/xpack-arm-none
 102              		.file 3 "C:/Users/maksp/Desktop/Tool_s/xpack-arm-none-eabi-gcc-13.2.1-1.1-win32-x64/xpack-arm-none
ARM GAS  C:\Users\maksp\AppData\Local\Temp\ccyK02R2.s 			page 4


DEFINED SYMBOLS
                            *ABS*:00000000 main.c
C:\Users\maksp\AppData\Local\Temp\ccyK02R2.s:21     .text.main:00000000 $t
C:\Users\maksp\AppData\Local\Temp\ccyK02R2.s:27     .text.main:00000000 main
C:\Users\maksp\AppData\Local\Temp\ccyK02R2.s:94     .text.main:00000070 $d

NO UNDEFINED SYMBOLS
